<?xml version="1.0" encoding="UTF-8"?>
<testsuite name="com.sparta.cafe.OrderTest" tests="2" skipped="0" failures="0" errors="0" timestamp="2024-06-17T07:23:54" hostname="DESKTOP-L74TS17" time="0.155">
  <properties/>
  <testcase name="유저 임의 추가" classname="com.sparta.cafe.OrderTest" time="0.117"/>
  <testcase name="커피 임의 추가" classname="com.sparta.cafe.OrderTest" time="0.037"/>
  <system-out><![CDATA[2024-06-17T16:23:54.577+09:00  INFO 19016 --- [cafe] [    Test worker] t.c.s.AnnotationConfigContextLoaderUtils : Could not detect default configuration classes for test class [com.sparta.cafe.OrderTest]: OrderTest does not declare any static, non-private, non-final, nested classes annotated with @Configuration.
2024-06-17T16:23:54.580+09:00  INFO 19016 --- [cafe] [    Test worker] .b.t.c.SpringBootTestContextBootstrapper : Found @SpringBootConfiguration com.sparta.cafe.CafeApplication for test class com.sparta.cafe.OrderTest
Hibernate: 
    select
        u1_0.id,
        u1_0.created_at,
        u1_0.username,
        ol1_0.user_id,
        ol1_0.order_id,
        ol1_0.coffee_id,
        c1_0.id,
        c1_0.coffee_name,
        c1_0.image_url,
        c1_0.price,
        ol1_0.coffee_name,
        ol1_0.created_at,
        ol1_0.price,
        ol1_0.username 
    from
        users u1_0 
    left join
        orders ol1_0 
            on u1_0.id=ol1_0.user_id 
    left join
        coffees c1_0 
            on c1_0.id=ol1_0.coffee_id 
    where
        u1_0.id=?
Hibernate: 
    /* insert for
        com.sparta.cafe.entity.Coffee */insert 
    into
        coffees (coffee_name, image_url, price) 
    values
        (?, ?, ?)
]]></system-out>
  <system-err><![CDATA[]]></system-err>
</testsuite>
